<?xml version="1.0" encoding="UTF-8"?>
<!-- Generated by org.testng.reporters.JUnitReportReporter -->
<testsuite hostname="Mithuns-MBP" failures="0" tests="1" name="mithunsharma.BaseTest" time="8.548" errors="0" timestamp="2022-09-03T11:33:26 BST" skipped="0">
  <testcase classname="mithunsharma.BaseTest" name="configureAppiumCapability" time="8.548"/>
  <system-out/>
</testsuite> <!-- mithunsharma.BaseTest -->
