<?xml version="1.0" encoding="UTF-8"?>
<!-- Generated by org.testng.reporters.JUnitReportReporter -->
<testsuite hostname="Mithuns-MBP" failures="0" tests="1" name="mithunsharma.DiviceRotationExample" time="7.761" errors="0" timestamp="2022-09-04T14:21:07 BST" skipped="0">
  <testcase classname="mithunsharma.DiviceRotationExample" name="deviceRotation" time="7.761"/>
  <system-out/>
</testsuite> <!-- mithunsharma.DiviceRotationExample -->
