<?xml version="1.0" encoding="UTF-8"?>
<!-- Generated by org.testng.reporters.JUnitReportReporter -->
<testsuite hostname="Mithuns-MBP" failures="0" tests="1" name="mithunsharma.MiscellaneousExample" time="4.372" errors="0" timestamp="2022-09-04T10:27:08 BST" skipped="0">
  <testcase classname="mithunsharma.MiscellaneousExample" name="DragExample" time="4.372"/>
  <system-out/>
</testsuite> <!-- mithunsharma.MiscellaneousExample -->
