<?xml version="1.0" encoding="UTF-8"?>
<!-- Generated by org.testng.reporters.JUnitReportReporter -->
<testsuite hostname="Mithuns-MBP" failures="0" tests="1" name="mithunsharma.AndroidKeyEventExample" time="7.213" errors="0" timestamp="2022-09-05T10:06:30 BST" skipped="0">
  <testcase classname="mithunsharma.AndroidKeyEventExample" name="keyEventExample" time="7.213"/>
  <system-out/>
</testsuite> <!-- mithunsharma.AndroidKeyEventExample -->
