<?xml version="1.0" encoding="UTF-8"?>
<!-- Generated by org.testng.reporters.JUnitReportReporter -->
<testsuite hostname="Mithuns-MBP" failures="0" tests="1" name="mithunsharma.DialogWithLongMessage" time="4.536" errors="0" timestamp="2022-09-04T13:56:35 BST" skipped="0">
  <testcase classname="mithunsharma.DialogWithLongMessage" name="dialogLongMessage" time="4.536"/>
  <system-out/>
</testsuite> <!-- mithunsharma.DialogWithLongMessage -->
