<?xml version="1.0" encoding="UTF-8"?>
<!-- Generated by org.testng.reporters.JUnitReportReporter -->
<testsuite hostname="Mithuns-MBP" failures="0" tests="1" name="mithunsharma.ScrollGestureExample" time="23.045" errors="0" timestamp="2022-09-03T15:04:47 BST" skipped="0">
  <testcase classname="mithunsharma.ScrollGestureExample" name="scrollGesture" time="23.045"/>
  <system-out/>
</testsuite> <!-- mithunsharma.ScrollGestureExample -->
