<?xml version="1.0" encoding="UTF-8"?>
<!-- Generated by org.testng.reporters.JUnitReportReporter -->
<testsuite hostname="Mithuns-MBP" failures="0" tests="1" name="mithunsharma.DialogValidation" time="5.319" errors="0" timestamp="2022-09-04T10:35:10 BST" skipped="0">
  <testcase classname="mithunsharma.DialogValidation" name="validateDialog" time="5.319"/>
  <system-out/>
</testsuite> <!-- mithunsharma.DialogValidation -->
