<?xml version="1.0" encoding="UTF-8"?>
<!-- Generated by org.testng.reporters.JUnitReportReporter -->
<testsuite hostname="Mithuns-MBP" failures="0" tests="1" name="mithunsharma.LongPressExample" time="6.643" errors="0" timestamp="2022-09-03T14:54:44 BST" skipped="0">
  <testcase classname="mithunsharma.LongPressExample" name="longpressGesture" time="6.643"/>
  <system-out/>
</testsuite> <!-- mithunsharma.LongPressExample -->
