<?xml version="1.0" encoding="UTF-8"?>
<!-- Generated by org.testng.reporters.JUnitReportReporter -->
<testsuite hostname="Mithuns-MBP" failures="0" tests="1" name="mithunsharma.DialogGestureExample" time="4.361" errors="0" timestamp="2022-09-04T11:09:18 BST" skipped="0">
  <testcase classname="mithunsharma.DialogGestureExample" name="validateDialog" time="4.361"/>
  <system-out/>
</testsuite> <!-- mithunsharma.DialogGestureExample -->
