<?xml version="1.0" encoding="UTF-8"?>
<!-- Generated by org.testng.reporters.JUnitReportReporter -->
<testsuite hostname="Mithuns-MBP" failures="0" tests="1" name="mithunsharma.LocatorExample" time="6.059" errors="0" timestamp="2022-09-03T12:43:13 BST" skipped="0">
  <testcase classname="mithunsharma.LocatorExample" name="wifiSetting" time="6.059"/>
  <system-out/>
</testsuite> <!-- mithunsharma.LocatorExample -->
